
2026-07-05 22:44:19,354 INFO utils.logger -obteniendo un post
2026-07-05 22:44:21,155 ERROR utils.logger -El test falló, status 200
2026-07-05 22:45:53,565 INFO utils.logger -obteniendo un post
2026-07-05 22:45:54,572 ERROR utils.logger -El test falló, status 200
2026-07-05 22:58:07,895 INFO utils.logger -obteniendo un post
2026-07-05 22:58:53,884 ERROR utils.logger -El test falló, status 200
2026-07-05 23:00:32,615 INFO utils.logger -obteniendo un post
2026-07-05 23:01:02,749 ERROR utils.logger -El test falló, status 200
2026-07-05 23:10:45,381 INFO utils.logger -obteniendo un post
2026-07-05 23:10:47,236 ERROR utils.logger - El test falló por : Error en las verificaciones del test
2026-07-05 23:23:33,641 INFO utils.logger -obteniendo un post
2026-07-05 23:23:49,287 ERROR utils.logger - El test falló por : No coincide  el nombre  del usuario en el test
2026-07-05 23:24:32,170 INFO utils.logger -obteniendo un post
2026-07-05 23:24:39,615 ERROR utils.logger - El test falló por : No coincide  el nombre  del usuario en el test
2026-07-05 23:27:02,087 INFO utils.logger -obteniendo un post
2026-07-05 23:27:24,799 ERROR utils.logger - El test falló por : No coincide  el nombre  del usuario en el test
2026-07-05 23:30:25,781 INFO utils.logger -obteniendo un post
2026-07-05 23:30:47,352 ERROR utils.logger - El test falló por : No coincide  el nombre  del usuario en el test
2026-07-05 23:34:05,932 INFO utils.logger -obteniendo un post
2026-07-05 23:34:06,624 ERROR utils.logger - El test falló por : No coincide  el nombre  del usuario en el test
2026-07-05 23:39:04,644 INFO utils.logger -obteniendo un post
2026-07-05 23:39:13,315 ERROR utils.logger - El test falló por : No coincide  el nombre  del usuario en el test
2026-07-05 23:41:34,459 INFO utils.logger -obteniendo un post
2026-07-05 23:41:36,063 ERROR utils.logger - El test falló por : No coincide  el nombre  del usuario en el test
2026-07-05 23:42:17,878 INFO utils.logger -obteniendo un post
2026-07-05 23:42:18,256 ERROR utils.logger - El test falló por : No coincide  el nombre  del usuario en el test
2026-07-06 00:07:30,064 INFO utils.logger -obteniendo un post
2026-07-06 00:08:41,128 INFO utils.logger -obteniendo un post
2026-07-06 00:09:41,851 INFO utils.logger -obteniendo un post
2026-07-06 00:10:04,250 ERROR utils.logger - El test falló por : No coincide  el nombre  del usuario en el test
2026-07-06 00:11:46,436 INFO utils.logger -obteniendo un post
2026-07-06 00:11:47,803 ERROR utils.logger - El test falló por : No coincide  el id del post en el test
2026-07-06 00:51:17,106 INFO utils.logger -obteniendo todos los posts
